c:\users\natxo\documents\of_v0.9.0_vs_release\apps\myapps\acuragui09paris\obj\release\acuragui09.vcxprojresolveassemblyreference.cache
c:\users\natxo\documents\of_v0.9.0_vs_release\apps\myapps\acuragui09paris\obj\release\guiscreen.obj
c:\users\natxo\documents\of_v0.9.0_vs_release\apps\myapps\acuragui09paris\obj\release\ipendpointname.obj
c:\users\natxo\documents\of_v0.9.0_vs_release\apps\myapps\acuragui09paris\obj\release\main.obj
c:\users\natxo\documents\of_v0.9.0_vs_release\apps\myapps\acuragui09paris\obj\release\networkingutils.obj
c:\users\natxo\documents\of_v0.9.0_vs_release\apps\myapps\acuragui09paris\obj\release\ofapp.obj
c:\users\natxo\documents\of_v0.9.0_vs_release\apps\myapps\acuragui09paris\obj\release\ofxblur.obj
c:\users\natxo\documents\of_v0.9.0_vs_release\apps\myapps\acuragui09paris\obj\release\ofxdatgui.obj
c:\users\natxo\documents\of_v0.9.0_vs_release\apps\myapps\acuragui09paris\obj\release\ofxdatguicomponent.obj
c:\users\natxo\documents\of_v0.9.0_vs_release\apps\myapps\acuragui09paris\obj\release\ofxdatguitemplate.obj
c:\users\natxo\documents\of_v0.9.0_vs_release\apps\myapps\acuragui09paris\obj\release\ofxeasing.obj
c:\users\natxo\documents\of_v0.9.0_vs_release\apps\myapps\acuragui09paris\obj\release\ofxeasingback.obj
c:\users\natxo\documents\of_v0.9.0_vs_release\apps\myapps\acuragui09paris\obj\release\ofxeasingbounce.obj
c:\users\natxo\documents\of_v0.9.0_vs_release\apps\myapps\acuragui09paris\obj\release\ofxeasingcirc.obj
c:\users\natxo\documents\of_v0.9.0_vs_release\apps\myapps\acuragui09paris\obj\release\ofxeasingcubic.obj
c:\users\natxo\documents\of_v0.9.0_vs_release\apps\myapps\acuragui09paris\obj\release\ofxeasingelastic.obj
c:\users\natxo\documents\of_v0.9.0_vs_release\apps\myapps\acuragui09paris\obj\release\ofxeasingexpo.obj
c:\users\natxo\documents\of_v0.9.0_vs_release\apps\myapps\acuragui09paris\obj\release\ofxeasinglinear.obj
c:\users\natxo\documents\of_v0.9.0_vs_release\apps\myapps\acuragui09paris\obj\release\ofxeasingquad.obj
c:\users\natxo\documents\of_v0.9.0_vs_release\apps\myapps\acuragui09paris\obj\release\ofxeasingquart.obj
c:\users\natxo\documents\of_v0.9.0_vs_release\apps\myapps\acuragui09paris\obj\release\ofxeasingquint.obj
c:\users\natxo\documents\of_v0.9.0_vs_release\apps\myapps\acuragui09paris\obj\release\ofxeasingsine.obj
c:\users\natxo\documents\of_v0.9.0_vs_release\apps\myapps\acuragui09paris\obj\release\ofxleapmotion.obj
c:\users\natxo\documents\of_v0.9.0_vs_release\apps\myapps\acuragui09paris\obj\release\ofxoscbundle.obj
c:\users\natxo\documents\of_v0.9.0_vs_release\apps\myapps\acuragui09paris\obj\release\ofxoscmessage.obj
c:\users\natxo\documents\of_v0.9.0_vs_release\apps\myapps\acuragui09paris\obj\release\ofxoscparametersync.obj
c:\users\natxo\documents\of_v0.9.0_vs_release\apps\myapps\acuragui09paris\obj\release\ofxoscreceiver.obj
c:\users\natxo\documents\of_v0.9.0_vs_release\apps\myapps\acuragui09paris\obj\release\ofxoscsender.obj
c:\users\natxo\documents\of_v0.9.0_vs_release\apps\myapps\acuragui09paris\obj\release\ofxthinkgear.obj
c:\users\natxo\documents\of_v0.9.0_vs_release\apps\myapps\acuragui09paris\obj\release\ofxtween.obj
c:\users\natxo\documents\of_v0.9.0_vs_release\apps\myapps\acuragui09paris\obj\release\ofxxmlsettings.obj
c:\users\natxo\documents\of_v0.9.0_vs_release\apps\myapps\acuragui09paris\obj\release\oscoutboundpacketstream.obj
c:\users\natxo\documents\of_v0.9.0_vs_release\apps\myapps\acuragui09paris\obj\release\oscprintreceivedelements.obj
c:\users\natxo\documents\of_v0.9.0_vs_release\apps\myapps\acuragui09paris\obj\release\oscreceivedelements.obj
c:\users\natxo\documents\of_v0.9.0_vs_release\apps\myapps\acuragui09paris\obj\release\osctypes.obj
c:\users\natxo\documents\of_v0.9.0_vs_release\apps\myapps\acuragui09paris\obj\release\thinkgearcommsdriver.obj
c:\users\natxo\documents\of_v0.9.0_vs_release\apps\myapps\acuragui09paris\obj\release\thinkgearstreamparser.obj
c:\users\natxo\documents\of_v0.9.0_vs_release\apps\myapps\acuragui09paris\obj\release\tinyxml.obj
c:\users\natxo\documents\of_v0.9.0_vs_release\apps\myapps\acuragui09paris\obj\release\tinyxmlerror.obj
c:\users\natxo\documents\of_v0.9.0_vs_release\apps\myapps\acuragui09paris\obj\release\tinyxmlparser.obj
c:\users\natxo\documents\of_v0.9.0_vs_release\apps\myapps\acuragui09paris\obj\release\udpsocket.obj
c:\users\natxo\documents\of_v0.9.0_vs_release\apps\myapps\acuragui09paris\obj\release\icon.res
c:\users\natxo\documents\of_v0.9.0_vs_release\apps\myapps\acuragui09paris\obj\release\vc140.pdb
